<?xml version="1.0" encoding="UTF-8"?>
<!-- Generated by org.testng.reporters.JUnitReportReporter -->
<testsuite hostname="A_Device" failures="0" tests="1" name="com.testautomation.apitesting.test.Demo" time="1.722" errors="0" timestamp="2024-06-13T09:25:21 PDT" skipped="0">
  <testcase classname="com.testautomation.apitesting.test.Demo" name="getAllBookings" time="1.722"/>
</testsuite> <!-- com.testautomation.apitesting.test.Demo -->
