<?xml version="1.0" encoding="UTF-8"?>
<!-- Generated by org.testng.reporters.JUnitReportReporter -->
<testsuite hostname="A_Device" failures="0" tests="1" name="interviewquestions.APIDemo" time="1.618" errors="0" timestamp="2024-06-18T09:50:52 PDT" skipped="0">
  <testcase classname="interviewquestions.APIDemo" name="TC01" time="1.618"/>
</testsuite> <!-- interviewquestions.APIDemo -->
