<?xml version="1.0" encoding="UTF-8"?>
<!-- Generated by org.testng.reporters.JUnitReportReporter -->
<testsuite hostname="A_Device" failures="0" tests="1" name="com.testautomation.apitesting.test.PostAPIRequest" time="1.920" errors="0" timestamp="2024-02-12T11:50:02 PST" skipped="0">
  <testcase classname="com.testautomation.apitesting.test.PostAPIRequest" name="createBooking" time="1.920"/>
</testsuite> <!-- com.testautomation.apitesting.test.PostAPIRequest -->
