<?xml version="1.0" encoding="UTF-8"?>
<!-- Generated by org.testng.reporters.JUnitReportReporter -->
<testsuite hostname="A_Device" failures="0" tests="1" name="interviewquestions.PathParamAndQueryParam" time="2.406" errors="0" timestamp="2024-03-12T12:29:03 PDT" skipped="0">
  <testcase classname="interviewquestions.PathParamAndQueryParam" name="PathParamAndQueryParam" time="2.406"/>
</testsuite> <!-- interviewquestions.PathParamAndQueryParam -->
