<?xml version="1.0" encoding="UTF-8"?>
<!-- Generated by org.testng.reporters.JUnitReportReporter -->
<testsuite hostname="A_Device" failures="0" tests="1" name="com.testautomation.apitesting.test.PostAPIRequestUsingPojo" time="0.199" errors="0" timestamp="2024-09-04T10:31:24 PDT" skipped="0">
  <testcase classname="com.testautomation.apitesting.test.PostAPIRequestUsingPojo" name="postAPIRequest" time="0.199"/>
</testsuite> <!-- com.testautomation.apitesting.test.PostAPIRequestUsingPojo -->
