<?xml version="1.0" encoding="UTF-8"?>
<!-- Generated by org.testng.reporters.JUnitReportReporter -->
<testsuite hostname="A_Device" failures="0" tests="1" name="interviewquestions.PathParamAndQueryParam" time="1.616" errors="0" timestamp="2024-08-29T10:01:13 PDT" skipped="0">
  <testcase classname="interviewquestions.PathParamAndQueryParam" name="PathParamAndQueryParam" time="1.616"/>
</testsuite> <!-- interviewquestions.PathParamAndQueryParam -->
