<?xml version="1.0" encoding="UTF-8"?>
<!-- Generated by org.testng.reporters.JUnitReportReporter -->
<testsuite hostname="A_Device" failures="0" tests="1" name="com.testautomation.apitesting.test.GetAPIRequest" time="1.735" errors="0" timestamp="2024-02-11T14:36:31 PST" skipped="0">
  <testcase classname="com.testautomation.apitesting.test.GetAPIRequest" name="getAllBookings" time="1.735"/>
</testsuite> <!-- com.testautomation.apitesting.test.GetAPIRequest -->
