<?xml version="1.0" encoding="UTF-8"?>
<!-- Generated by org.testng.reporters.JUnitReportReporter -->
<testsuite hostname="A_Device" failures="0" tests="1" name="com.testautomation.apitesting.test.GetAPIRequest" time="3.029" errors="0" timestamp="2024-03-09T10:27:10 PST" skipped="0">
  <testcase classname="com.testautomation.apitesting.test.GetAPIRequest" name="getAllBookings" time="3.029"/>
</testsuite> <!-- com.testautomation.apitesting.test.GetAPIRequest -->
