<?xml version="1.0" encoding="UTF-8"?>
<!-- Generated by org.testng.reporters.JUnitReportReporter -->
<testsuite hostname="A_Device" failures="0" tests="1" name="com.testautomation.apitesting.test.PostAPIRequest" time="3.940" errors="0" timestamp="2024-03-09T11:47:16 PST" skipped="0">
  <testcase classname="com.testautomation.apitesting.test.PostAPIRequest" name="createBooking" time="3.940"/>
</testsuite> <!-- com.testautomation.apitesting.test.PostAPIRequest -->
