<?xml version="1.0" encoding="UTF-8"?>
<!-- Generated by org.testng.reporters.JUnitReportReporter -->
<testsuite hostname="A_Device" failures="0" tests="1" name="com.testautomation.apitesting.test.PostAPIRequest" time="3.565" errors="0" timestamp="2024-08-27T14:34:00 PDT" skipped="0">
  <testcase classname="com.testautomation.apitesting.test.PostAPIRequest" name="createBooking" time="3.565"/>
</testsuite> <!-- com.testautomation.apitesting.test.PostAPIRequest -->
