<?xml version="1.0" encoding="UTF-8"?>
<!-- Generated by org.testng.reporters.JUnitReportReporter -->
<testsuite hostname="A_Device" failures="0" tests="1" name="com.testautomation.apitesting.test.GenerateToken" time="1.572" errors="0" timestamp="2024-02-12T12:22:08 PST" skipped="0">
  <testcase classname="com.testautomation.apitesting.test.GenerateToken" name="generateToken" time="1.572"/>
</testsuite> <!-- com.testautomation.apitesting.test.GenerateToken -->
